<?xml version="1.0" encoding="UTF-8"?>
<!-- Generated by org.testng.reporters.JUnitReportReporter -->
<testsuite hostname="Vaneets-MacBook-Pro.local" failures="0" tests="3" name="com.dollardays.testcases.LoginTestcase" time="47.502" errors="0" timestamp="2021-01-27T23:03:09 EST" skipped="0">
  <testcase classname="com.dollardays.testcases.LoginTestcase" name="InvalidUsername" time="12.027"/>
  <system-out/>
  <testcase classname="com.dollardays.testcases.LoginTestcase" name="InvalidPassword" time="12.298"/>
  <system-out/>
  <testcase classname="com.dollardays.testcases.LoginTestcase" name="ValidLogin" time="23.177"/>
  <system-out/>
</testsuite> <!-- com.dollardays.testcases.LoginTestcase -->
