<?xml version="1.0" encoding="UTF-8"?>
<!-- Generated by org.testng.reporters.JUnitReportReporter -->
<testsuite hostname="Vaneets-MacBook-Pro.local" failures="0" tests="12" name="com.dollardays.testcases.MyWalletTestCase" time="510.425" errors="0" timestamp="2021-01-27T22:39:44 EST" skipped="0">
  <testcase classname="com.dollardays.testcases.MyWalletTestCase" name="ValidateMyWallet" time="43.276"/>
  <system-out/>
  <testcase classname="com.dollardays.testcases.MyWalletTestCase" name="ValidateMyWallet" time="47.903"/>
  <system-out/>
  <testcase classname="com.dollardays.testcases.MyWalletTestCase" name="ValidateMyWallet" time="45.589"/>
  <system-out/>
  <testcase classname="com.dollardays.testcases.MyWalletTestCase" name="VerifyDeleteCard" time="33.811"/>
  <system-out/>
  <testcase classname="com.dollardays.testcases.MyWalletTestCase" name="VerifyWalletDisplay" time="40.275"/>
  <system-out/>
  <testcase classname="com.dollardays.testcases.MyWalletTestCase" name="VerifySetDefaultCard" time="30.976"/>
  <system-out/>
  <testcase classname="com.dollardays.testcases.MyWalletTestCase" name="ValidateMyWallet" time="50.548"/>
  <system-out/>
  <testcase classname="com.dollardays.testcases.MyWalletTestCase" name="ValidateMyWallet" time="42.593"/>
  <system-out/>
  <testcase classname="com.dollardays.testcases.MyWalletTestCase" name="ValidateMyWallet" time="42.387"/>
  <system-out/>
  <testcase classname="com.dollardays.testcases.MyWalletTestCase" name="ValidateMyWallet" time="43.633"/>
  <system-out/>
  <testcase classname="com.dollardays.testcases.MyWalletTestCase" name="ValidateMyWallet" time="48.967"/>
  <system-out/>
  <testcase classname="com.dollardays.testcases.MyWalletTestCase" name="VerifyEditOnCard" time="40.467"/>
  <system-out/>
</testsuite> <!-- com.dollardays.testcases.MyWalletTestCase -->
