<?xml version="1.0" encoding="UTF-8"?>
<!-- Generated by org.testng.reporters.JUnitReportReporter -->
<testsuite hostname="Vaneets-MacBook-Pro.local" failures="0" tests="3" name="com.dollardays.testcases.LoginTestcase" time="44.017" errors="0" timestamp="2021-01-27T20:57:26 EST" skipped="0">
  <testcase classname="com.dollardays.testcases.LoginTestcase" name="ValidLogin" time="17.534"/>
  <system-out/>
  <testcase classname="com.dollardays.testcases.LoginTestcase" name="InvalidPassword" time="11.757"/>
  <system-out/>
  <testcase classname="com.dollardays.testcases.LoginTestcase" name="InvalidUsername" time="14.726"/>
  <system-out/>
</testsuite> <!-- com.dollardays.testcases.LoginTestcase -->
