<?xml version="1.0" encoding="UTF-8"?>
<!-- Generated by org.testng.reporters.JUnitReportReporter -->
<testsuite hostname="Vaneets-MacBook-Pro.local" failures="0" tests="3" name="com.dollardays.testcases.LoginTestcase" time="46.168" errors="0" timestamp="2021-01-28T12:57:40 EST" skipped="0">
  <testcase classname="com.dollardays.testcases.LoginTestcase" name="InvalidUsername" time="13.233"/>
  <system-out/>
  <testcase classname="com.dollardays.testcases.LoginTestcase" name="InvalidPassword" time="12.384"/>
  <system-out/>
  <testcase classname="com.dollardays.testcases.LoginTestcase" name="ValidLogin" time="20.551"/>
  <system-out/>
</testsuite> <!-- com.dollardays.testcases.LoginTestcase -->
