<?xml version="1.0" encoding="UTF-8"?>
<!-- Generated by org.testng.reporters.JUnitReportReporter -->
<testsuite hostname="Vaneets-MacBook-Pro.local" failures="0" tests="3" name="com.dollardays.testcases.LoginTestcase" time="48.253" errors="0" timestamp="2021-01-27T22:43:20 EST" skipped="0">
  <testcase classname="com.dollardays.testcases.LoginTestcase" name="InvalidUsername" time="14.076"/>
  <system-out/>
  <testcase classname="com.dollardays.testcases.LoginTestcase" name="ValidLogin" time="21.709"/>
  <system-out/>
  <testcase classname="com.dollardays.testcases.LoginTestcase" name="InvalidPassword" time="12.468"/>
  <system-out/>
</testsuite> <!-- com.dollardays.testcases.LoginTestcase -->
