<?xml version="1.0" encoding="UTF-8"?>
<!-- Generated by org.testng.reporters.JUnitReportReporter -->
<testsuite hostname="Vaneets-MacBook-Pro.local" failures="0" tests="12" name="com.dollardays.testcases.MyWalletTestCase" time="465.655" errors="0" timestamp="2021-01-28T12:57:40 EST" skipped="0">
  <testcase classname="com.dollardays.testcases.MyWalletTestCase" name="ValidateMyWallet" time="40.464"/>
  <system-out/>
  <testcase classname="com.dollardays.testcases.MyWalletTestCase" name="ValidateMyWallet" time="43.219"/>
  <system-out/>
  <testcase classname="com.dollardays.testcases.MyWalletTestCase" name="VerifyWalletDisplay" time="36.486"/>
  <system-out/>
  <testcase classname="com.dollardays.testcases.MyWalletTestCase" name="ValidateMyWallet" time="41.219"/>
  <system-out/>
  <testcase classname="com.dollardays.testcases.MyWalletTestCase" name="ValidateMyWallet" time="40.175"/>
  <system-out/>
  <testcase classname="com.dollardays.testcases.MyWalletTestCase" name="ValidateMyWallet" time="52.571"/>
  <system-out/>
  <testcase classname="com.dollardays.testcases.MyWalletTestCase" name="VerifyDeleteCard" time="27.540"/>
  <system-out/>
  <testcase classname="com.dollardays.testcases.MyWalletTestCase" name="ValidateMyWallet" time="39.118"/>
  <system-out/>
  <testcase classname="com.dollardays.testcases.MyWalletTestCase" name="VerifySetDefaultCard" time="26.144"/>
  <system-out/>
  <testcase classname="com.dollardays.testcases.MyWalletTestCase" name="ValidateMyWallet" time="42.185"/>
  <system-out/>
  <testcase classname="com.dollardays.testcases.MyWalletTestCase" name="ValidateMyWallet" time="41.782"/>
  <system-out/>
  <testcase classname="com.dollardays.testcases.MyWalletTestCase" name="VerifyEditOnCard" time="34.752"/>
  <system-out/>
</testsuite> <!-- com.dollardays.testcases.MyWalletTestCase -->
