<?xml version="1.0" encoding="UTF-8"?>
<!-- Generated by org.testng.reporters.JUnitReportReporter -->
<testsuite hostname="Vaneets-MacBook-Pro.local" failures="0" tests="1" name="com.dollardays.testcases.LoginTestcase" time="22.975" errors="0" timestamp="15 Jan 2021 23:55:59 GMT" skipped="0">
  <testcase classname="com.dollardays.testcases.LoginTestcase" name="invokeLogin" time="22.975"/>
</testsuite> <!-- com.dollardays.testcases.LoginTestcase -->
